2025-04-18 14:13:33.913  INFO 6404 --- [main] com.bite.blog.SpringBlogApplication      : Starting SpringBlogApplication using Java 1.8.0_192 on chen with PID 6404 (D:\Runing\classcode\spring-blog\target\classes started by c'k in D:\Runing\classcode\spring-blog)
2025-04-18 14:13:33.915  INFO 6404 --- [main] com.bite.blog.SpringBlogApplication      : No active profile set, falling back to 1 default profile: "default"
2025-04-18 14:13:34.413  WARN 6404 --- [main] o.m.s.mapper.ClassPathMapperScanner      : No MyBatis mapper was found in '[com.bite.blog]' package. Please check your configuration.
2025-04-18 14:13:34.714  INFO 6404 --- [main] o.s.b.w.embedded.tomcat.TomcatWebServer  : Tomcat initialized with port(s): 8080 (http)
2025-04-18 14:13:34.729  INFO 6404 --- [main] o.apache.catalina.core.StandardService   : Starting service [Tomcat]
2025-04-18 14:13:34.729  INFO 6404 --- [main] org.apache.catalina.core.StandardEngine  : Starting Servlet engine: [Apache Tomcat/9.0.68]
2025-04-18 14:13:34.830  INFO 6404 --- [main] o.a.c.c.C.[Tomcat].[localhost].[/]       : Initializing Spring embedded WebApplicationContext
2025-04-18 14:13:34.830  INFO 6404 --- [main] w.s.c.ServletWebServerApplicationContext : Root WebApplicationContext: initialization completed in 885 ms
2025-04-18 14:13:35.162  INFO 6404 --- [main] o.s.b.w.embedded.tomcat.TomcatWebServer  : Tomcat started on port(s): 8080 (http) with context path ''
2025-04-18 14:13:35.171  INFO 6404 --- [main] com.bite.blog.SpringBlogApplication      : Started SpringBlogApplication in 1.612 seconds (JVM running for 2.665)
2025-04-18 14:13:52.046  INFO 6404 --- [http-nio-8080-exec-1] o.a.c.c.C.[Tomcat].[localhost].[/]       : Initializing Spring DispatcherServlet 'dispatcherServlet'
2025-04-18 14:13:52.048  INFO 6404 --- [http-nio-8080-exec-1] o.s.web.servlet.DispatcherServlet        : Initializing Servlet 'dispatcherServlet'
2025-04-18 14:13:52.049  INFO 6404 --- [http-nio-8080-exec-1] o.s.web.servlet.DispatcherServlet        : Completed initialization in 1 ms
2025-04-18 15:05:44.047  INFO 6052 --- [main] com.bite.blog.mapper.UserInfoMapperTest  : Starting UserInfoMapperTest using Java 1.8.0_192 on chen with PID 6052 (started by c'k in D:\Runing\classcode\spring-blog)
2025-04-18 15:05:44.048  INFO 6052 --- [main] com.bite.blog.mapper.UserInfoMapperTest  : No active profile set, falling back to 1 default profile: "default"
2025-04-18 15:05:46.155  INFO 6052 --- [main] com.bite.blog.mapper.UserInfoMapperTest  : Started UserInfoMapperTest in 2.386 seconds (JVM running for 3.353)
2025-04-18 15:05:46.438  INFO 6052 --- [main] com.zaxxer.hikari.HikariDataSource       : HikariPool-1 - Starting...
2025-04-18 15:05:46.700  INFO 6052 --- [main] com.zaxxer.hikari.HikariDataSource       : HikariPool-1 - Start completed.
2025-04-18 15:05:46.793  INFO 6052 --- [SpringApplicationShutdownHook] com.zaxxer.hikari.HikariDataSource       : HikariPool-1 - Shutdown initiated...
2025-04-18 15:05:46.799  INFO 6052 --- [SpringApplicationShutdownHook] com.zaxxer.hikari.HikariDataSource       : HikariPool-1 - Shutdown completed.
2025-04-18 15:08:07.823  INFO 21148 --- [main] com.bite.blog.mapper.BlogInfoMapperTest  : Starting BlogInfoMapperTest using Java 1.8.0_192 on chen with PID 21148 (started by c'k in D:\Runing\classcode\spring-blog)
2025-04-18 15:08:07.824  INFO 21148 --- [main] com.bite.blog.mapper.BlogInfoMapperTest  : No active profile set, falling back to 1 default profile: "default"
2025-04-18 15:08:09.931  INFO 21148 --- [main] com.bite.blog.mapper.BlogInfoMapperTest  : Started BlogInfoMapperTest in 2.422 seconds (JVM running for 3.229)
2025-04-18 15:08:10.124  INFO 21148 --- [main] com.zaxxer.hikari.HikariDataSource       : HikariPool-1 - Starting...
2025-04-18 15:08:10.439  INFO 21148 --- [main] com.zaxxer.hikari.HikariDataSource       : HikariPool-1 - Start completed.
2025-04-18 15:08:10.522  INFO 21148 --- [SpringApplicationShutdownHook] com.zaxxer.hikari.HikariDataSource       : HikariPool-1 - Shutdown initiated...
2025-04-18 15:08:10.528  INFO 21148 --- [SpringApplicationShutdownHook] com.zaxxer.hikari.HikariDataSource       : HikariPool-1 - Shutdown completed.
2025-04-18 15:08:58.607  INFO 25780 --- [main] com.bite.blog.mapper.BlogInfoMapperTest  : Starting BlogInfoMapperTest using Java 1.8.0_192 on chen with PID 25780 (started by c'k in D:\Runing\classcode\spring-blog)
2025-04-18 15:08:58.609  INFO 25780 --- [main] com.bite.blog.mapper.BlogInfoMapperTest  : No active profile set, falling back to 1 default profile: "default"
2025-04-18 15:09:01.099  INFO 25780 --- [main] com.bite.blog.mapper.BlogInfoMapperTest  : Started BlogInfoMapperTest in 2.854 seconds (JVM running for 3.713)
2025-04-18 15:09:01.315  INFO 25780 --- [main] com.zaxxer.hikari.HikariDataSource       : HikariPool-1 - Starting...
2025-04-18 15:09:01.536  INFO 25780 --- [main] com.zaxxer.hikari.HikariDataSource       : HikariPool-1 - Start completed.
2025-04-18 15:09:01.631  INFO 25780 --- [SpringApplicationShutdownHook] com.zaxxer.hikari.HikariDataSource       : HikariPool-1 - Shutdown initiated...
2025-04-18 15:09:01.638  INFO 25780 --- [SpringApplicationShutdownHook] com.zaxxer.hikari.HikariDataSource       : HikariPool-1 - Shutdown completed.
2025-04-18 15:10:06.190  INFO 12912 --- [main] com.bite.blog.mapper.BlogInfoMapperTest  : Starting BlogInfoMapperTest using Java 1.8.0_192 on chen with PID 12912 (started by c'k in D:\Runing\classcode\spring-blog)
2025-04-18 15:10:06.191  INFO 12912 --- [main] com.bite.blog.mapper.BlogInfoMapperTest  : No active profile set, falling back to 1 default profile: "default"
2025-04-18 15:10:08.085  INFO 12912 --- [main] com.bite.blog.mapper.BlogInfoMapperTest  : Started BlogInfoMapperTest in 2.194 seconds (JVM running for 3.08)
2025-04-18 15:10:08.319  INFO 12912 --- [main] com.zaxxer.hikari.HikariDataSource       : HikariPool-1 - Starting...
2025-04-18 15:10:08.528  INFO 12912 --- [main] com.zaxxer.hikari.HikariDataSource       : HikariPool-1 - Start completed.
2025-04-18 15:10:08.609  INFO 12912 --- [SpringApplicationShutdownHook] com.zaxxer.hikari.HikariDataSource       : HikariPool-1 - Shutdown initiated...
2025-04-18 15:10:08.617  INFO 12912 --- [SpringApplicationShutdownHook] com.zaxxer.hikari.HikariDataSource       : HikariPool-1 - Shutdown completed.
2025-04-18 15:39:23.190  INFO 22996 --- [main] com.bite.blog.SpringBlogApplication      : Starting SpringBlogApplication using Java 1.8.0_192 on chen with PID 22996 (D:\Runing\classcode\spring-blog\target\classes started by c'k in D:\Runing\classcode\spring-blog)
2025-04-18 15:39:23.192  INFO 22996 --- [main] com.bite.blog.SpringBlogApplication      : No active profile set, falling back to 1 default profile: "default"
2025-04-18 15:39:23.995  INFO 22996 --- [main] o.s.b.w.embedded.tomcat.TomcatWebServer  : Tomcat initialized with port(s): 8080 (http)
2025-04-18 15:39:24.003  INFO 22996 --- [main] o.apache.catalina.core.StandardService   : Starting service [Tomcat]
2025-04-18 15:39:24.003  INFO 22996 --- [main] org.apache.catalina.core.StandardEngine  : Starting Servlet engine: [Apache Tomcat/9.0.68]
2025-04-18 15:39:24.103  INFO 22996 --- [main] o.a.c.c.C.[Tomcat].[localhost].[/]       : Initializing Spring embedded WebApplicationContext
2025-04-18 15:39:24.103  INFO 22996 --- [main] w.s.c.ServletWebServerApplicationContext : Root WebApplicationContext: initialization completed in 871 ms
2025-04-18 15:39:24.140  WARN 22996 --- [main] ConfigServletWebServerApplicationContext : Exception encountered during context initialization - cancelling refresh attempt: org.springframework.beans.factory.UnsatisfiedDependencyException: Error creating bean with name 'blogController': Unsatisfied dependency expressed through field 'blogService'; nested exception is org.springframework.beans.factory.NoSuchBeanDefinitionException: No qualifying bean of type 'com.bite.blog.service.BlogService' available: expected at least 1 bean which qualifies as autowire candidate. Dependency annotations: {@org.springframework.beans.factory.annotation.Autowired(required=true)}
2025-04-18 15:39:24.143  INFO 22996 --- [main] o.apache.catalina.core.StandardService   : Stopping service [Tomcat]
2025-04-18 15:39:24.152  INFO 22996 --- [main] ConditionEvaluationReportLoggingListener : 

Error starting ApplicationContext. To display the conditions report re-run your application with 'debug' enabled.
2025-04-18 15:39:24.175 ERROR 22996 --- [main] o.s.b.d.LoggingFailureAnalysisReporter   : 

***************************
APPLICATION FAILED TO START
***************************

Description:

Field blogService in com.bite.blog.controller.BlogController required a bean of type 'com.bite.blog.service.BlogService' that could not be found.

The injection point has the following annotations:
	- @org.springframework.beans.factory.annotation.Autowired(required=true)


Action:

Consider defining a bean of type 'com.bite.blog.service.BlogService' in your configuration.

2025-04-18 15:40:05.098  INFO 21148 --- [main] com.bite.blog.SpringBlogApplication      : Starting SpringBlogApplication using Java 1.8.0_192 on chen with PID 21148 (D:\Runing\classcode\spring-blog\target\classes started by c'k in D:\Runing\classcode\spring-blog)
2025-04-18 15:40:05.100  INFO 21148 --- [main] com.bite.blog.SpringBlogApplication      : No active profile set, falling back to 1 default profile: "default"
2025-04-18 15:40:05.814  INFO 21148 --- [main] o.s.b.w.embedded.tomcat.TomcatWebServer  : Tomcat initialized with port(s): 8080 (http)
2025-04-18 15:40:05.820  INFO 21148 --- [main] o.apache.catalina.core.StandardService   : Starting service [Tomcat]
2025-04-18 15:40:05.820  INFO 21148 --- [main] org.apache.catalina.core.StandardEngine  : Starting Servlet engine: [Apache Tomcat/9.0.68]
2025-04-18 15:40:05.902  INFO 21148 --- [main] o.a.c.c.C.[Tomcat].[localhost].[/]       : Initializing Spring embedded WebApplicationContext
2025-04-18 15:40:05.903  INFO 21148 --- [main] w.s.c.ServletWebServerApplicationContext : Root WebApplicationContext: initialization completed in 775 ms
2025-04-18 15:40:05.935  WARN 21148 --- [main] ConfigServletWebServerApplicationContext : Exception encountered during context initialization - cancelling refresh attempt: org.springframework.beans.factory.UnsatisfiedDependencyException: Error creating bean with name 'blogController': Unsatisfied dependency expressed through field 'blogService'; nested exception is org.springframework.beans.factory.NoSuchBeanDefinitionException: No qualifying bean of type 'com.bite.blog.service.BlogService' available: expected at least 1 bean which qualifies as autowire candidate. Dependency annotations: {@org.springframework.beans.factory.annotation.Autowired(required=true)}
2025-04-18 15:40:05.937  INFO 21148 --- [main] o.apache.catalina.core.StandardService   : Stopping service [Tomcat]
2025-04-18 15:40:05.946  INFO 21148 --- [main] ConditionEvaluationReportLoggingListener : 

Error starting ApplicationContext. To display the conditions report re-run your application with 'debug' enabled.
2025-04-18 15:40:05.960 ERROR 21148 --- [main] o.s.b.d.LoggingFailureAnalysisReporter   : 

***************************
APPLICATION FAILED TO START
***************************

Description:

Field blogService in com.bite.blog.controller.BlogController required a bean of type 'com.bite.blog.service.BlogService' that could not be found.

The injection point has the following annotations:
	- @org.springframework.beans.factory.annotation.Autowired(required=true)


Action:

Consider defining a bean of type 'com.bite.blog.service.BlogService' in your configuration.

2025-04-18 15:42:45.698  INFO 11528 --- [main] com.bite.blog.SpringBlogApplication      : Starting SpringBlogApplication using Java 1.8.0_192 on chen with PID 11528 (D:\Runing\classcode\spring-blog\target\classes started by c'k in D:\Runing\classcode\spring-blog)
2025-04-18 15:42:45.702  INFO 11528 --- [main] com.bite.blog.SpringBlogApplication      : No active profile set, falling back to 1 default profile: "default"
2025-04-18 15:42:46.524  INFO 11528 --- [main] o.s.b.w.embedded.tomcat.TomcatWebServer  : Tomcat initialized with port(s): 8080 (http)
2025-04-18 15:42:46.534  INFO 11528 --- [main] o.apache.catalina.core.StandardService   : Starting service [Tomcat]
2025-04-18 15:42:46.534  INFO 11528 --- [main] org.apache.catalina.core.StandardEngine  : Starting Servlet engine: [Apache Tomcat/9.0.68]
2025-04-18 15:42:46.661  INFO 11528 --- [main] o.a.c.c.C.[Tomcat].[localhost].[/]       : Initializing Spring embedded WebApplicationContext
2025-04-18 15:42:46.661  INFO 11528 --- [main] w.s.c.ServletWebServerApplicationContext : Root WebApplicationContext: initialization completed in 908 ms
2025-04-18 15:42:47.320  INFO 11528 --- [main] o.s.b.w.embedded.tomcat.TomcatWebServer  : Tomcat started on port(s): 8080 (http) with context path ''
2025-04-18 15:42:47.329  INFO 11528 --- [main] com.bite.blog.SpringBlogApplication      : Started SpringBlogApplication in 2.119 seconds (JVM running for 3.051)
2025-04-18 15:43:12.637  INFO 11528 --- [http-nio-8080-exec-1] o.a.c.c.C.[Tomcat].[localhost].[/]       : Initializing Spring DispatcherServlet 'dispatcherServlet'
2025-04-18 15:43:12.639  INFO 11528 --- [http-nio-8080-exec-1] o.s.web.servlet.DispatcherServlet        : Initializing Servlet 'dispatcherServlet'
2025-04-18 15:43:12.641  INFO 11528 --- [http-nio-8080-exec-1] o.s.web.servlet.DispatcherServlet        : Completed initialization in 1 ms
2025-04-18 15:50:02.171  INFO 15288 --- [main] com.bite.blog.SpringBlogApplication      : Starting SpringBlogApplication using Java 1.8.0_192 on chen with PID 15288 (D:\Runing\classcode\spring-blog\target\classes started by c'k in D:\Runing\classcode\spring-blog)
2025-04-18 15:50:02.174  INFO 15288 --- [main] com.bite.blog.SpringBlogApplication      : No active profile set, falling back to 1 default profile: "default"
2025-04-18 15:50:02.987  INFO 15288 --- [main] o.s.b.w.embedded.tomcat.TomcatWebServer  : Tomcat initialized with port(s): 8080 (http)
2025-04-18 15:50:02.994  INFO 15288 --- [main] o.apache.catalina.core.StandardService   : Starting service [Tomcat]
2025-04-18 15:50:02.994  INFO 15288 --- [main] org.apache.catalina.core.StandardEngine  : Starting Servlet engine: [Apache Tomcat/9.0.68]
2025-04-18 15:50:03.091  INFO 15288 --- [main] o.a.c.c.C.[Tomcat].[localhost].[/]       : Initializing Spring embedded WebApplicationContext
2025-04-18 15:50:03.092  INFO 15288 --- [main] w.s.c.ServletWebServerApplicationContext : Root WebApplicationContext: initialization completed in 885 ms
2025-04-18 15:50:03.514  INFO 15288 --- [main] o.s.b.w.embedded.tomcat.TomcatWebServer  : Tomcat started on port(s): 8080 (http) with context path ''
2025-04-18 15:50:03.522  INFO 15288 --- [main] com.bite.blog.SpringBlogApplication      : Started SpringBlogApplication in 1.671 seconds (JVM running for 2.5)
2025-04-18 15:50:11.280  INFO 15288 --- [http-nio-8080-exec-1] o.a.c.c.C.[Tomcat].[localhost].[/]       : Initializing Spring DispatcherServlet 'dispatcherServlet'
2025-04-18 15:50:11.280  INFO 15288 --- [http-nio-8080-exec-1] o.s.web.servlet.DispatcherServlet        : Initializing Servlet 'dispatcherServlet'
2025-04-18 15:50:11.281  INFO 15288 --- [http-nio-8080-exec-1] o.s.web.servlet.DispatcherServlet        : Completed initialization in 1 ms
2025-04-18 15:52:46.671  INFO 14640 --- [main] com.bite.blog.SpringBlogApplication      : Starting SpringBlogApplication using Java 1.8.0_192 on chen with PID 14640 (D:\Runing\classcode\spring-blog\target\classes started by c'k in D:\Runing\classcode\spring-blog)
2025-04-18 15:52:46.673  INFO 14640 --- [main] com.bite.blog.SpringBlogApplication      : No active profile set, falling back to 1 default profile: "default"
2025-04-18 15:52:47.366  INFO 14640 --- [main] o.s.b.w.embedded.tomcat.TomcatWebServer  : Tomcat initialized with port(s): 8080 (http)
2025-04-18 15:52:47.378  INFO 14640 --- [main] o.apache.catalina.core.StandardService   : Starting service [Tomcat]
2025-04-18 15:52:47.378  INFO 14640 --- [main] org.apache.catalina.core.StandardEngine  : Starting Servlet engine: [Apache Tomcat/9.0.68]
2025-04-18 15:52:47.472  INFO 14640 --- [main] o.a.c.c.C.[Tomcat].[localhost].[/]       : Initializing Spring embedded WebApplicationContext
2025-04-18 15:52:47.473  INFO 14640 --- [main] w.s.c.ServletWebServerApplicationContext : Root WebApplicationContext: initialization completed in 769 ms
2025-04-18 15:52:47.877  INFO 14640 --- [main] o.s.b.w.embedded.tomcat.TomcatWebServer  : Tomcat started on port(s): 8080 (http) with context path ''
2025-04-18 15:52:47.884  INFO 14640 --- [main] com.bite.blog.SpringBlogApplication      : Started SpringBlogApplication in 1.523 seconds (JVM running for 2.183)
2025-04-18 15:52:53.832  INFO 14640 --- [http-nio-8080-exec-1] o.a.c.c.C.[Tomcat].[localhost].[/]       : Initializing Spring DispatcherServlet 'dispatcherServlet'
2025-04-18 15:52:53.832  INFO 14640 --- [http-nio-8080-exec-1] o.s.web.servlet.DispatcherServlet        : Initializing Servlet 'dispatcherServlet'
2025-04-18 15:52:53.833  INFO 14640 --- [http-nio-8080-exec-1] o.s.web.servlet.DispatcherServlet        : Completed initialization in 0 ms
2025-04-18 15:56:43.970  INFO 2384 --- [main] com.bite.blog.SpringBlogApplication      : Starting SpringBlogApplication using Java 1.8.0_192 on chen with PID 2384 (D:\Runing\classcode\spring-blog\target\classes started by c'k in D:\Runing\classcode\spring-blog)
2025-04-18 15:56:43.973  INFO 2384 --- [main] com.bite.blog.SpringBlogApplication      : No active profile set, falling back to 1 default profile: "default"
2025-04-18 15:56:44.679  INFO 2384 --- [main] o.s.b.w.embedded.tomcat.TomcatWebServer  : Tomcat initialized with port(s): 8080 (http)
2025-04-18 15:56:44.691  INFO 2384 --- [main] o.apache.catalina.core.StandardService   : Starting service [Tomcat]
2025-04-18 15:56:44.691  INFO 2384 --- [main] org.apache.catalina.core.StandardEngine  : Starting Servlet engine: [Apache Tomcat/9.0.68]
2025-04-18 15:56:44.781  INFO 2384 --- [main] o.a.c.c.C.[Tomcat].[localhost].[/]       : Initializing Spring embedded WebApplicationContext
2025-04-18 15:56:44.781  INFO 2384 --- [main] w.s.c.ServletWebServerApplicationContext : Root WebApplicationContext: initialization completed in 773 ms
2025-04-18 15:56:45.142  INFO 2384 --- [main] o.s.b.w.embedded.tomcat.TomcatWebServer  : Tomcat started on port(s): 8080 (http) with context path ''
2025-04-18 15:56:45.149  INFO 2384 --- [main] com.bite.blog.SpringBlogApplication      : Started SpringBlogApplication in 1.481 seconds (JVM running for 2.166)
2025-04-18 15:56:47.623  INFO 2384 --- [http-nio-8080-exec-1] o.a.c.c.C.[Tomcat].[localhost].[/]       : Initializing Spring DispatcherServlet 'dispatcherServlet'
2025-04-18 15:56:47.623  INFO 2384 --- [http-nio-8080-exec-1] o.s.web.servlet.DispatcherServlet        : Initializing Servlet 'dispatcherServlet'
2025-04-18 15:56:47.624  INFO 2384 --- [http-nio-8080-exec-1] o.s.web.servlet.DispatcherServlet        : Completed initialization in 1 ms
2025-04-18 15:57:29.736  INFO 27640 --- [main] com.bite.blog.mapper.BlogInfoMapperTest  : Starting BlogInfoMapperTest using Java 1.8.0_192 on chen with PID 27640 (started by c'k in D:\Runing\classcode\spring-blog)
2025-04-18 15:57:29.738  INFO 27640 --- [main] com.bite.blog.mapper.BlogInfoMapperTest  : No active profile set, falling back to 1 default profile: "default"
2025-04-18 15:57:31.907  INFO 27640 --- [main] com.bite.blog.mapper.BlogInfoMapperTest  : Started BlogInfoMapperTest in 2.81 seconds (JVM running for 3.79)
2025-04-18 15:57:32.215  INFO 27640 --- [main] com.zaxxer.hikari.HikariDataSource       : HikariPool-1 - Starting...
2025-04-18 15:57:32.481  INFO 27640 --- [main] com.zaxxer.hikari.HikariDataSource       : HikariPool-1 - Start completed.
2025-04-18 15:57:32.597  INFO 27640 --- [SpringApplicationShutdownHook] com.zaxxer.hikari.HikariDataSource       : HikariPool-1 - Shutdown initiated...
2025-04-18 15:57:32.607  INFO 27640 --- [SpringApplicationShutdownHook] com.zaxxer.hikari.HikariDataSource       : HikariPool-1 - Shutdown completed.
2025-04-18 15:59:17.859  INFO 23120 --- [main] com.bite.blog.mapper.BlogInfoMapperTest  : Starting BlogInfoMapperTest using Java 1.8.0_192 on chen with PID 23120 (started by c'k in D:\Runing\classcode\spring-blog)
2025-04-18 15:59:17.860  INFO 23120 --- [main] com.bite.blog.mapper.BlogInfoMapperTest  : No active profile set, falling back to 1 default profile: "default"
2025-04-18 15:59:19.769  INFO 23120 --- [main] com.bite.blog.mapper.BlogInfoMapperTest  : Started BlogInfoMapperTest in 2.214 seconds (JVM running for 3.079)
2025-04-18 15:59:19.969  INFO 23120 --- [main] com.zaxxer.hikari.HikariDataSource       : HikariPool-1 - Starting...
2025-04-18 15:59:20.190  INFO 23120 --- [main] com.zaxxer.hikari.HikariDataSource       : HikariPool-1 - Start completed.
2025-04-18 15:59:20.306  INFO 23120 --- [SpringApplicationShutdownHook] com.zaxxer.hikari.HikariDataSource       : HikariPool-1 - Shutdown initiated...
2025-04-18 15:59:20.316  INFO 23120 --- [SpringApplicationShutdownHook] com.zaxxer.hikari.HikariDataSource       : HikariPool-1 - Shutdown completed.
2025-04-18 15:59:24.891  INFO 25636 --- [main] com.bite.blog.SpringBlogApplication      : Starting SpringBlogApplication using Java 1.8.0_192 on chen with PID 25636 (D:\Runing\classcode\spring-blog\target\classes started by c'k in D:\Runing\classcode\spring-blog)
2025-04-18 15:59:24.893  INFO 25636 --- [main] com.bite.blog.SpringBlogApplication      : No active profile set, falling back to 1 default profile: "default"
2025-04-18 15:59:25.575  INFO 25636 --- [main] o.s.b.w.embedded.tomcat.TomcatWebServer  : Tomcat initialized with port(s): 8080 (http)
2025-04-18 15:59:25.588  INFO 25636 --- [main] o.apache.catalina.core.StandardService   : Starting service [Tomcat]
2025-04-18 15:59:25.588  INFO 25636 --- [main] org.apache.catalina.core.StandardEngine  : Starting Servlet engine: [Apache Tomcat/9.0.68]
2025-04-18 15:59:25.687  INFO 25636 --- [main] o.a.c.c.C.[Tomcat].[localhost].[/]       : Initializing Spring embedded WebApplicationContext
2025-04-18 15:59:25.688  INFO 25636 --- [main] w.s.c.ServletWebServerApplicationContext : Root WebApplicationContext: initialization completed in 771 ms
2025-04-18 15:59:26.016  INFO 25636 --- [main] o.s.b.w.embedded.tomcat.TomcatWebServer  : Tomcat started on port(s): 8080 (http) with context path ''
2025-04-18 15:59:26.023  INFO 25636 --- [main] com.bite.blog.SpringBlogApplication      : Started SpringBlogApplication in 1.432 seconds (JVM running for 2.163)
2025-04-18 15:59:33.449  INFO 25636 --- [http-nio-8080-exec-1] o.a.c.c.C.[Tomcat].[localhost].[/]       : Initializing Spring DispatcherServlet 'dispatcherServlet'
2025-04-18 15:59:33.449  INFO 25636 --- [http-nio-8080-exec-1] o.s.web.servlet.DispatcherServlet        : Initializing Servlet 'dispatcherServlet'
2025-04-18 15:59:33.450  INFO 25636 --- [http-nio-8080-exec-1] o.s.web.servlet.DispatcherServlet        : Completed initialization in 0 ms
2025-04-18 16:00:06.209  INFO 22880 --- [main] com.bite.blog.SpringBlogApplication      : Starting SpringBlogApplication using Java 1.8.0_192 on chen with PID 22880 (D:\Runing\classcode\spring-blog\target\classes started by c'k in D:\Runing\classcode\spring-blog)
2025-04-18 16:00:06.212  INFO 22880 --- [main] com.bite.blog.SpringBlogApplication      : No active profile set, falling back to 1 default profile: "default"
2025-04-18 16:00:06.926  INFO 22880 --- [main] o.s.b.w.embedded.tomcat.TomcatWebServer  : Tomcat initialized with port(s): 8080 (http)
2025-04-18 16:00:06.938  INFO 22880 --- [main] o.apache.catalina.core.StandardService   : Starting service [Tomcat]
2025-04-18 16:00:06.938  INFO 22880 --- [main] org.apache.catalina.core.StandardEngine  : Starting Servlet engine: [Apache Tomcat/9.0.68]
2025-04-18 16:00:07.023  INFO 22880 --- [main] o.a.c.c.C.[Tomcat].[localhost].[/]       : Initializing Spring embedded WebApplicationContext
2025-04-18 16:00:07.023  INFO 22880 --- [main] w.s.c.ServletWebServerApplicationContext : Root WebApplicationContext: initialization completed in 778 ms
2025-04-18 16:00:07.391  INFO 22880 --- [main] o.s.b.w.embedded.tomcat.TomcatWebServer  : Tomcat started on port(s): 8080 (http) with context path ''
2025-04-18 16:00:07.398  INFO 22880 --- [main] com.bite.blog.SpringBlogApplication      : Started SpringBlogApplication in 1.483 seconds (JVM running for 2.203)
2025-04-18 16:00:10.303  INFO 22880 --- [http-nio-8080-exec-1] o.a.c.c.C.[Tomcat].[localhost].[/]       : Initializing Spring DispatcherServlet 'dispatcherServlet'
2025-04-18 16:00:10.304  INFO 22880 --- [http-nio-8080-exec-1] o.s.web.servlet.DispatcherServlet        : Initializing Servlet 'dispatcherServlet'
2025-04-18 16:00:10.306  INFO 22880 --- [http-nio-8080-exec-1] o.s.web.servlet.DispatcherServlet        : Completed initialization in 1 ms
2025-04-18 16:00:10.429  INFO 22880 --- [http-nio-8080-exec-1] com.zaxxer.hikari.HikariDataSource       : HikariPool-1 - Starting...
2025-04-18 16:00:10.538  INFO 22880 --- [http-nio-8080-exec-1] com.zaxxer.hikari.HikariDataSource       : HikariPool-1 - Start completed.
2025-04-18 16:02:08.124  INFO 22880 --- [SpringApplicationShutdownHook] com.zaxxer.hikari.HikariDataSource       : HikariPool-1 - Shutdown initiated...
2025-04-18 16:02:08.134  INFO 22880 --- [SpringApplicationShutdownHook] com.zaxxer.hikari.HikariDataSource       : HikariPool-1 - Shutdown completed.
2025-04-18 16:02:13.465  INFO 12496 --- [main] com.bite.blog.SpringBlogApplication      : Starting SpringBlogApplication using Java 1.8.0_192 on chen with PID 12496 (D:\Runing\classcode\spring-blog\target\classes started by c'k in D:\Runing\classcode\spring-blog)
2025-04-18 16:02:13.467  INFO 12496 --- [main] com.bite.blog.SpringBlogApplication      : No active profile set, falling back to 1 default profile: "default"
2025-04-18 16:02:14.124  INFO 12496 --- [main] o.s.b.w.embedded.tomcat.TomcatWebServer  : Tomcat initialized with port(s): 8080 (http)
2025-04-18 16:02:14.135  INFO 12496 --- [main] o.apache.catalina.core.StandardService   : Starting service [Tomcat]
2025-04-18 16:02:14.135  INFO 12496 --- [main] org.apache.catalina.core.StandardEngine  : Starting Servlet engine: [Apache Tomcat/9.0.68]
2025-04-18 16:02:14.225  INFO 12496 --- [main] o.a.c.c.C.[Tomcat].[localhost].[/]       : Initializing Spring embedded WebApplicationContext
2025-04-18 16:02:14.225  INFO 12496 --- [main] w.s.c.ServletWebServerApplicationContext : Root WebApplicationContext: initialization completed in 728 ms
2025-04-18 16:02:14.583  INFO 12496 --- [main] o.s.b.w.embedded.tomcat.TomcatWebServer  : Tomcat started on port(s): 8080 (http) with context path ''
2025-04-18 16:02:14.590  INFO 12496 --- [main] com.bite.blog.SpringBlogApplication      : Started SpringBlogApplication in 1.427 seconds (JVM running for 2.112)
2025-04-18 16:02:17.428  INFO 12496 --- [http-nio-8080-exec-1] o.a.c.c.C.[Tomcat].[localhost].[/]       : Initializing Spring DispatcherServlet 'dispatcherServlet'
2025-04-18 16:02:17.429  INFO 12496 --- [http-nio-8080-exec-1] o.s.web.servlet.DispatcherServlet        : Initializing Servlet 'dispatcherServlet'
2025-04-18 16:02:17.429  INFO 12496 --- [http-nio-8080-exec-1] o.s.web.servlet.DispatcherServlet        : Completed initialization in 0 ms
2025-04-18 16:02:17.522  INFO 12496 --- [http-nio-8080-exec-1] com.zaxxer.hikari.HikariDataSource       : HikariPool-1 - Starting...
2025-04-18 16:02:17.626  INFO 12496 --- [http-nio-8080-exec-1] com.zaxxer.hikari.HikariDataSource       : HikariPool-1 - Start completed.
2025-04-18 16:23:32.703  INFO 12496 --- [SpringApplicationShutdownHook] com.zaxxer.hikari.HikariDataSource       : HikariPool-1 - Shutdown initiated...
2025-04-18 16:23:32.711  INFO 12496 --- [SpringApplicationShutdownHook] com.zaxxer.hikari.HikariDataSource       : HikariPool-1 - Shutdown completed.
2025-04-18 16:23:35.143  INFO 29232 --- [main] com.bite.blog.SpringBlogApplication      : Starting SpringBlogApplication using Java 1.8.0_192 on chen with PID 29232 (D:\Runing\classcode\spring-blog\target\classes started by c'k in D:\Runing\classcode\spring-blog)
2025-04-18 16:23:35.146  INFO 29232 --- [main] com.bite.blog.SpringBlogApplication      : No active profile set, falling back to 1 default profile: "default"
2025-04-18 16:23:35.872  INFO 29232 --- [main] o.s.b.w.embedded.tomcat.TomcatWebServer  : Tomcat initialized with port(s): 8080 (http)
2025-04-18 16:23:35.885  INFO 29232 --- [main] o.apache.catalina.core.StandardService   : Starting service [Tomcat]
2025-04-18 16:23:35.885  INFO 29232 --- [main] org.apache.catalina.core.StandardEngine  : Starting Servlet engine: [Apache Tomcat/9.0.68]
2025-04-18 16:23:35.998  INFO 29232 --- [main] o.a.c.c.C.[Tomcat].[localhost].[/]       : Initializing Spring embedded WebApplicationContext
2025-04-18 16:23:35.999  INFO 29232 --- [main] w.s.c.ServletWebServerApplicationContext : Root WebApplicationContext: initialization completed in 824 ms
2025-04-18 16:23:36.360  INFO 29232 --- [main] o.s.b.w.embedded.tomcat.TomcatWebServer  : Tomcat started on port(s): 8080 (http) with context path ''
2025-04-18 16:23:36.367  INFO 29232 --- [main] com.bite.blog.SpringBlogApplication      : Started SpringBlogApplication in 1.519 seconds (JVM running for 2.388)
2025-04-18 16:35:40.419  INFO 29232 --- [http-nio-8080-exec-1] o.a.c.c.C.[Tomcat].[localhost].[/]       : Initializing Spring DispatcherServlet 'dispatcherServlet'
2025-04-18 16:35:40.419  INFO 29232 --- [http-nio-8080-exec-1] o.s.web.servlet.DispatcherServlet        : Initializing Servlet 'dispatcherServlet'
2025-04-18 16:35:40.420  INFO 29232 --- [http-nio-8080-exec-1] o.s.web.servlet.DispatcherServlet        : Completed initialization in 1 ms
2025-04-18 16:35:40.595  INFO 29232 --- [http-nio-8080-exec-10] com.zaxxer.hikari.HikariDataSource       : HikariPool-1 - Starting...
2025-04-18 16:35:40.720  INFO 29232 --- [http-nio-8080-exec-10] com.zaxxer.hikari.HikariDataSource       : HikariPool-1 - Start completed.
2025-04-18 16:50:50.088  INFO 29232 --- [SpringApplicationShutdownHook] com.zaxxer.hikari.HikariDataSource       : HikariPool-1 - Shutdown initiated...
2025-04-18 16:50:50.096  INFO 29232 --- [SpringApplicationShutdownHook] com.zaxxer.hikari.HikariDataSource       : HikariPool-1 - Shutdown completed.
2025-04-18 16:50:57.314  INFO 25136 --- [main] com.bite.blog.SpringBlogApplication      : Starting SpringBlogApplication using Java 1.8.0_192 on chen with PID 25136 (D:\Runing\classcode\spring-blog\target\classes started by c'k in D:\Runing\classcode\spring-blog)
2025-04-18 16:50:57.317  INFO 25136 --- [main] com.bite.blog.SpringBlogApplication      : No active profile set, falling back to 1 default profile: "default"
2025-04-18 16:50:58.057  INFO 25136 --- [main] o.s.b.w.embedded.tomcat.TomcatWebServer  : Tomcat initialized with port(s): 8080 (http)
2025-04-18 16:50:58.070  INFO 25136 --- [main] o.apache.catalina.core.StandardService   : Starting service [Tomcat]
2025-04-18 16:50:58.070  INFO 25136 --- [main] org.apache.catalina.core.StandardEngine  : Starting Servlet engine: [Apache Tomcat/9.0.68]
2025-04-18 16:50:58.173  INFO 25136 --- [main] o.a.c.c.C.[Tomcat].[localhost].[/]       : Initializing Spring embedded WebApplicationContext
2025-04-18 16:50:58.174  INFO 25136 --- [main] w.s.c.ServletWebServerApplicationContext : Root WebApplicationContext: initialization completed in 821 ms
2025-04-18 16:50:58.636  INFO 25136 --- [main] o.s.b.w.embedded.tomcat.TomcatWebServer  : Tomcat started on port(s): 8080 (http) with context path ''
2025-04-18 16:50:58.663  INFO 25136 --- [main] com.bite.blog.SpringBlogApplication      : Started SpringBlogApplication in 1.709 seconds (JVM running for 2.543)
2025-04-18 16:50:59.737  INFO 25136 --- [http-nio-8080-exec-2] o.a.c.c.C.[Tomcat].[localhost].[/]       : Initializing Spring DispatcherServlet 'dispatcherServlet'
2025-04-18 16:50:59.738  INFO 25136 --- [http-nio-8080-exec-2] o.s.web.servlet.DispatcherServlet        : Initializing Servlet 'dispatcherServlet'
2025-04-18 16:50:59.739  INFO 25136 --- [http-nio-8080-exec-2] o.s.web.servlet.DispatcherServlet        : Completed initialization in 1 ms
2025-04-18 16:50:59.931  INFO 25136 --- [http-nio-8080-exec-8] com.zaxxer.hikari.HikariDataSource       : HikariPool-1 - Starting...
2025-04-18 16:51:00.047  INFO 25136 --- [http-nio-8080-exec-8] com.zaxxer.hikari.HikariDataSource       : HikariPool-1 - Start completed.
2025-04-18 16:55:03.093  INFO 25136 --- [SpringApplicationShutdownHook] com.zaxxer.hikari.HikariDataSource       : HikariPool-1 - Shutdown initiated...
2025-04-18 16:55:03.099  INFO 25136 --- [SpringApplicationShutdownHook] com.zaxxer.hikari.HikariDataSource       : HikariPool-1 - Shutdown completed.
2025-04-18 16:55:54.754  INFO 13696 --- [main] com.bite.blog.SpringBlogApplication      : Starting SpringBlogApplication using Java 1.8.0_192 on chen with PID 13696 (D:\Runing\classcode\spring-blog\target\classes started by c'k in D:\Runing\classcode\spring-blog)
2025-04-18 16:55:54.756  INFO 13696 --- [main] com.bite.blog.SpringBlogApplication      : No active profile set, falling back to 1 default profile: "default"
2025-04-18 16:55:55.468  INFO 13696 --- [main] o.s.b.w.embedded.tomcat.TomcatWebServer  : Tomcat initialized with port(s): 8080 (http)
2025-04-18 16:55:55.482  INFO 13696 --- [main] o.apache.catalina.core.StandardService   : Starting service [Tomcat]
2025-04-18 16:55:55.482  INFO 13696 --- [main] org.apache.catalina.core.StandardEngine  : Starting Servlet engine: [Apache Tomcat/9.0.68]
2025-04-18 16:55:55.575  INFO 13696 --- [main] o.a.c.c.C.[Tomcat].[localhost].[/]       : Initializing Spring embedded WebApplicationContext
2025-04-18 16:55:55.575  INFO 13696 --- [main] w.s.c.ServletWebServerApplicationContext : Root WebApplicationContext: initialization completed in 787 ms
2025-04-18 16:55:55.952  INFO 13696 --- [main] o.s.b.w.embedded.tomcat.TomcatWebServer  : Tomcat started on port(s): 8080 (http) with context path ''
2025-04-18 16:55:55.960  INFO 13696 --- [main] com.bite.blog.SpringBlogApplication      : Started SpringBlogApplication in 1.532 seconds (JVM running for 2.233)
2025-04-18 16:56:02.945  INFO 13696 --- [http-nio-8080-exec-2] o.a.c.c.C.[Tomcat].[localhost].[/]       : Initializing Spring DispatcherServlet 'dispatcherServlet'
2025-04-18 16:56:02.945  INFO 13696 --- [http-nio-8080-exec-2] o.s.web.servlet.DispatcherServlet        : Initializing Servlet 'dispatcherServlet'
2025-04-18 16:56:02.946  INFO 13696 --- [http-nio-8080-exec-2] o.s.web.servlet.DispatcherServlet        : Completed initialization in 1 ms
2025-04-18 16:56:03.069  INFO 13696 --- [http-nio-8080-exec-2] com.zaxxer.hikari.HikariDataSource       : HikariPool-1 - Starting...
2025-04-18 16:56:03.159  INFO 13696 --- [http-nio-8080-exec-2] com.zaxxer.hikari.HikariDataSource       : HikariPool-1 - Start completed.
2025-04-18 17:14:27.691  INFO 13696 --- [SpringApplicationShutdownHook] com.zaxxer.hikari.HikariDataSource       : HikariPool-1 - Shutdown initiated...
2025-04-18 17:14:27.719  INFO 13696 --- [SpringApplicationShutdownHook] com.zaxxer.hikari.HikariDataSource       : HikariPool-1 - Shutdown completed.
2025-04-18 17:14:32.010  INFO 28868 --- [main] com.bite.blog.SpringBlogApplication      : Starting SpringBlogApplication using Java 1.8.0_192 on chen with PID 28868 (D:\Runing\classcode\spring-blog\target\classes started by c'k in D:\Runing\classcode\spring-blog)
2025-04-18 17:14:32.013  INFO 28868 --- [main] com.bite.blog.SpringBlogApplication      : No active profile set, falling back to 1 default profile: "default"
2025-04-18 17:14:32.838  INFO 28868 --- [main] o.s.b.w.embedded.tomcat.TomcatWebServer  : Tomcat initialized with port(s): 8080 (http)
2025-04-18 17:14:32.853  INFO 28868 --- [main] o.apache.catalina.core.StandardService   : Starting service [Tomcat]
2025-04-18 17:14:32.854  INFO 28868 --- [main] org.apache.catalina.core.StandardEngine  : Starting Servlet engine: [Apache Tomcat/9.0.68]
2025-04-18 17:14:32.944  INFO 28868 --- [main] o.a.c.c.C.[Tomcat].[localhost].[/]       : Initializing Spring embedded WebApplicationContext
2025-04-18 17:14:32.945  INFO 28868 --- [main] w.s.c.ServletWebServerApplicationContext : Root WebApplicationContext: initialization completed in 899 ms
2025-04-18 17:14:33.341  INFO 28868 --- [main] o.s.b.w.embedded.tomcat.TomcatWebServer  : Tomcat started on port(s): 8080 (http) with context path ''
2025-04-18 17:14:33.349  INFO 28868 --- [main] com.bite.blog.SpringBlogApplication      : Started SpringBlogApplication in 1.635 seconds (JVM running for 2.383)
2025-04-18 17:14:34.296  INFO 28868 --- [http-nio-8080-exec-1] o.a.c.c.C.[Tomcat].[localhost].[/]       : Initializing Spring DispatcherServlet 'dispatcherServlet'
2025-04-18 17:14:34.296  INFO 28868 --- [http-nio-8080-exec-1] o.s.web.servlet.DispatcherServlet        : Initializing Servlet 'dispatcherServlet'
2025-04-18 17:14:34.297  INFO 28868 --- [http-nio-8080-exec-1] o.s.web.servlet.DispatcherServlet        : Completed initialization in 1 ms
2025-04-18 17:14:34.432  INFO 28868 --- [http-nio-8080-exec-2] com.zaxxer.hikari.HikariDataSource       : HikariPool-1 - Starting...
2025-04-18 17:14:34.556  INFO 28868 --- [http-nio-8080-exec-2] com.zaxxer.hikari.HikariDataSource       : HikariPool-1 - Start completed.
2025-04-18 17:16:30.404  INFO 28868 --- [SpringApplicationShutdownHook] com.zaxxer.hikari.HikariDataSource       : HikariPool-1 - Shutdown initiated...
2025-04-18 17:16:30.411  INFO 28868 --- [SpringApplicationShutdownHook] com.zaxxer.hikari.HikariDataSource       : HikariPool-1 - Shutdown completed.
2025-04-18 17:16:32.679  INFO 23640 --- [main] com.bite.blog.SpringBlogApplication      : Starting SpringBlogApplication using Java 1.8.0_192 on chen with PID 23640 (D:\Runing\classcode\spring-blog\target\classes started by c'k in D:\Runing\classcode\spring-blog)
2025-04-18 17:16:32.681  INFO 23640 --- [main] com.bite.blog.SpringBlogApplication      : No active profile set, falling back to 1 default profile: "default"
2025-04-18 17:16:33.373  INFO 23640 --- [main] o.s.b.w.embedded.tomcat.TomcatWebServer  : Tomcat initialized with port(s): 8080 (http)
2025-04-18 17:16:33.388  INFO 23640 --- [main] o.apache.catalina.core.StandardService   : Starting service [Tomcat]
2025-04-18 17:16:33.388  INFO 23640 --- [main] org.apache.catalina.core.StandardEngine  : Starting Servlet engine: [Apache Tomcat/9.0.68]
2025-04-18 17:16:33.484  INFO 23640 --- [main] o.a.c.c.C.[Tomcat].[localhost].[/]       : Initializing Spring embedded WebApplicationContext
2025-04-18 17:16:33.484  INFO 23640 --- [main] w.s.c.ServletWebServerApplicationContext : Root WebApplicationContext: initialization completed in 759 ms
2025-04-18 17:16:33.862  INFO 23640 --- [main] o.s.b.w.embedded.tomcat.TomcatWebServer  : Tomcat started on port(s): 8080 (http) with context path ''
2025-04-18 17:16:33.869  INFO 23640 --- [main] com.bite.blog.SpringBlogApplication      : Started SpringBlogApplication in 1.515 seconds (JVM running for 2.19)
2025-04-18 17:16:43.191  INFO 23640 --- [http-nio-8080-exec-3] o.a.c.c.C.[Tomcat].[localhost].[/]       : Initializing Spring DispatcherServlet 'dispatcherServlet'
2025-04-18 17:16:43.191  INFO 23640 --- [http-nio-8080-exec-3] o.s.web.servlet.DispatcherServlet        : Initializing Servlet 'dispatcherServlet'
2025-04-18 17:16:43.192  INFO 23640 --- [http-nio-8080-exec-3] o.s.web.servlet.DispatcherServlet        : Completed initialization in 1 ms
2025-04-18 17:16:43.403  INFO 23640 --- [http-nio-8080-exec-1] com.zaxxer.hikari.HikariDataSource       : HikariPool-1 - Starting...
2025-04-18 17:16:43.505  INFO 23640 --- [http-nio-8080-exec-1] com.zaxxer.hikari.HikariDataSource       : HikariPool-1 - Start completed.
2025-04-18 17:18:09.234  INFO 23640 --- [SpringApplicationShutdownHook] com.zaxxer.hikari.HikariDataSource       : HikariPool-1 - Shutdown initiated...
2025-04-18 17:18:09.261  INFO 23640 --- [SpringApplicationShutdownHook] com.zaxxer.hikari.HikariDataSource       : HikariPool-1 - Shutdown completed.
2025-04-18 17:18:11.861  INFO 30192 --- [main] com.bite.blog.SpringBlogApplication      : Starting SpringBlogApplication using Java 1.8.0_192 on chen with PID 30192 (D:\Runing\classcode\spring-blog\target\classes started by c'k in D:\Runing\classcode\spring-blog)
2025-04-18 17:18:11.863  INFO 30192 --- [main] com.bite.blog.SpringBlogApplication      : No active profile set, falling back to 1 default profile: "default"
2025-04-18 17:18:12.566  INFO 30192 --- [main] o.s.b.w.embedded.tomcat.TomcatWebServer  : Tomcat initialized with port(s): 8080 (http)
2025-04-18 17:18:12.579  INFO 30192 --- [main] o.apache.catalina.core.StandardService   : Starting service [Tomcat]
2025-04-18 17:18:12.579  INFO 30192 --- [main] org.apache.catalina.core.StandardEngine  : Starting Servlet engine: [Apache Tomcat/9.0.68]
2025-04-18 17:18:12.682  INFO 30192 --- [main] o.a.c.c.C.[Tomcat].[localhost].[/]       : Initializing Spring embedded WebApplicationContext
2025-04-18 17:18:12.683  INFO 30192 --- [main] w.s.c.ServletWebServerApplicationContext : Root WebApplicationContext: initialization completed in 786 ms
2025-04-18 17:18:13.030  INFO 30192 --- [main] o.s.b.w.embedded.tomcat.TomcatWebServer  : Tomcat started on port(s): 8080 (http) with context path ''
2025-04-18 17:18:13.038  INFO 30192 --- [main] com.bite.blog.SpringBlogApplication      : Started SpringBlogApplication in 1.467 seconds (JVM running for 2.184)
2025-04-18 17:18:16.473  INFO 30192 --- [http-nio-8080-exec-2] o.a.c.c.C.[Tomcat].[localhost].[/]       : Initializing Spring DispatcherServlet 'dispatcherServlet'
2025-04-18 17:18:16.473  INFO 30192 --- [http-nio-8080-exec-2] o.s.web.servlet.DispatcherServlet        : Initializing Servlet 'dispatcherServlet'
2025-04-18 17:18:16.474  INFO 30192 --- [http-nio-8080-exec-2] o.s.web.servlet.DispatcherServlet        : Completed initialization in 1 ms
2025-04-18 17:18:16.626  INFO 30192 --- [http-nio-8080-exec-1] com.zaxxer.hikari.HikariDataSource       : HikariPool-1 - Starting...
2025-04-18 17:18:16.735  INFO 30192 --- [http-nio-8080-exec-1] com.zaxxer.hikari.HikariDataSource       : HikariPool-1 - Start completed.
2025-04-18 17:21:17.139  INFO 30192 --- [SpringApplicationShutdownHook] com.zaxxer.hikari.HikariDataSource       : HikariPool-1 - Shutdown initiated...
2025-04-18 17:21:17.160  INFO 30192 --- [SpringApplicationShutdownHook] com.zaxxer.hikari.HikariDataSource       : HikariPool-1 - Shutdown completed.
2025-04-18 17:21:20.062  INFO 19088 --- [main] com.bite.blog.SpringBlogApplication      : Starting SpringBlogApplication using Java 1.8.0_192 on chen with PID 19088 (D:\Runing\classcode\spring-blog\target\classes started by c'k in D:\Runing\classcode\spring-blog)
2025-04-18 17:21:20.066  INFO 19088 --- [main] com.bite.blog.SpringBlogApplication      : No active profile set, falling back to 1 default profile: "default"
2025-04-18 17:21:20.885  INFO 19088 --- [main] o.s.b.w.embedded.tomcat.TomcatWebServer  : Tomcat initialized with port(s): 8080 (http)
2025-04-18 17:21:20.892  INFO 19088 --- [main] o.apache.catalina.core.StandardService   : Starting service [Tomcat]
2025-04-18 17:21:20.892  INFO 19088 --- [main] org.apache.catalina.core.StandardEngine  : Starting Servlet engine: [Apache Tomcat/9.0.68]
2025-04-18 17:21:20.986  INFO 19088 --- [main] o.a.c.c.C.[Tomcat].[localhost].[/]       : Initializing Spring embedded WebApplicationContext
2025-04-18 17:21:20.986  INFO 19088 --- [main] w.s.c.ServletWebServerApplicationContext : Root WebApplicationContext: initialization completed in 873 ms
2025-04-18 17:21:21.345  INFO 19088 --- [main] o.s.b.w.embedded.tomcat.TomcatWebServer  : Tomcat started on port(s): 8080 (http) with context path ''
2025-04-18 17:21:21.353  INFO 19088 --- [main] com.bite.blog.SpringBlogApplication      : Started SpringBlogApplication in 1.796 seconds (JVM running for 2.756)
2025-04-18 17:21:48.761  INFO 19088 --- [http-nio-8080-exec-1] o.a.c.c.C.[Tomcat].[localhost].[/]       : Initializing Spring DispatcherServlet 'dispatcherServlet'
2025-04-18 17:21:48.761  INFO 19088 --- [http-nio-8080-exec-1] o.s.web.servlet.DispatcherServlet        : Initializing Servlet 'dispatcherServlet'
2025-04-18 17:21:48.762  INFO 19088 --- [http-nio-8080-exec-1] o.s.web.servlet.DispatcherServlet        : Completed initialization in 1 ms
2025-04-18 17:21:48.877  INFO 19088 --- [http-nio-8080-exec-2] com.zaxxer.hikari.HikariDataSource       : HikariPool-1 - Starting...
2025-04-18 17:21:48.967  INFO 19088 --- [http-nio-8080-exec-2] com.zaxxer.hikari.HikariDataSource       : HikariPool-1 - Start completed.
2025-04-18 17:22:22.854  INFO 19088 --- [SpringApplicationShutdownHook] com.zaxxer.hikari.HikariDataSource       : HikariPool-1 - Shutdown initiated...
2025-04-18 17:22:22.870  INFO 19088 --- [SpringApplicationShutdownHook] com.zaxxer.hikari.HikariDataSource       : HikariPool-1 - Shutdown completed.
2025-04-18 17:22:25.412  INFO 4940 --- [main] com.bite.blog.SpringBlogApplication      : Starting SpringBlogApplication using Java 1.8.0_192 on chen with PID 4940 (D:\Runing\classcode\spring-blog\target\classes started by c'k in D:\Runing\classcode\spring-blog)
2025-04-18 17:22:25.415  INFO 4940 --- [main] com.bite.blog.SpringBlogApplication      : No active profile set, falling back to 1 default profile: "default"
2025-04-18 17:22:26.117  INFO 4940 --- [main] o.s.b.w.embedded.tomcat.TomcatWebServer  : Tomcat initialized with port(s): 8080 (http)
2025-04-18 17:22:26.128  INFO 4940 --- [main] o.apache.catalina.core.StandardService   : Starting service [Tomcat]
2025-04-18 17:22:26.129  INFO 4940 --- [main] org.apache.catalina.core.StandardEngine  : Starting Servlet engine: [Apache Tomcat/9.0.68]
2025-04-18 17:22:26.223  INFO 4940 --- [main] o.a.c.c.C.[Tomcat].[localhost].[/]       : Initializing Spring embedded WebApplicationContext
2025-04-18 17:22:26.224  INFO 4940 --- [main] w.s.c.ServletWebServerApplicationContext : Root WebApplicationContext: initialization completed in 777 ms
2025-04-18 17:22:26.627  INFO 4940 --- [main] o.s.b.w.embedded.tomcat.TomcatWebServer  : Tomcat started on port(s): 8080 (http) with context path ''
2025-04-18 17:22:26.635  INFO 4940 --- [main] com.bite.blog.SpringBlogApplication      : Started SpringBlogApplication in 1.533 seconds (JVM running for 2.223)
2025-04-18 17:22:38.629  INFO 4940 --- [http-nio-8080-exec-1] o.a.c.c.C.[Tomcat].[localhost].[/]       : Initializing Spring DispatcherServlet 'dispatcherServlet'
2025-04-18 17:22:38.630  INFO 4940 --- [http-nio-8080-exec-1] o.s.web.servlet.DispatcherServlet        : Initializing Servlet 'dispatcherServlet'
2025-04-18 17:22:38.632  INFO 4940 --- [http-nio-8080-exec-1] o.s.web.servlet.DispatcherServlet        : Completed initialization in 1 ms
2025-04-18 17:22:38.832  INFO 4940 --- [http-nio-8080-exec-5] com.zaxxer.hikari.HikariDataSource       : HikariPool-1 - Starting...
2025-04-18 17:22:38.928  INFO 4940 --- [http-nio-8080-exec-5] com.zaxxer.hikari.HikariDataSource       : HikariPool-1 - Start completed.
